<?xml version="1.0" encoding="UTF-8"?>
<!-- Generated by org.testng.reporters.JUnitXMLReporter -->
<testsuite ignored="4" hostname="QCENTRIS189" failures="0" tests="13" name="regression Test" time="56.554" errors="0" timestamp="2022-02-21T16:18:03 EET">
  <testcase classname="tests.HomePageTest" name="scrollDown" time="0.017"/>
  <testcase classname="tests.ContacUsTest2withCSV" name="fillContactUsForm" time="8.036"/>
  <testcase classname="tests.CompanyTest" name="verifyCompanyUrl" time="3.388"/>
  <testcase classname="tests.CompanyTest" name="verifyLeadershipDisplayed" time="0.074"/>
  <testcase classname="tests.CompanyTest" name="verifyFacebookPage" time="4.477"/>
  <testcase classname="tests.CreersTest" name="naviagteToCareer" time="16.346"/>
  <testcase classname="tests.CreersTest" name="naviagteToPosition" time="2.1"/>
  <testcase classname="tests.CreersTest" name="checkItemesDisplay" time="0.135"/>
  <testcase classname="tests.ApplyTest" name="OpenApplyPopup" time="0.211"/>
  <testcase classname="tests.ApplyTest" name="fillApplyForm" time="5.879"/>
  <testcase classname="tests.ApplyTest" name="openCareerTab" time="7.837"/>
  <testcase classname="tests.ApplyTest" name="filterOpenPositionsBySofia" time="4.023"/>
  <testcase classname="tests.ApplyTest" name="filterOpenPositionsBySkopje" time="3.966"/>
  <testcase classname="tests.TestBase2" name="@BeforeSuite startDriver" time="0.0">
    <ignored/>
  </testcase> <!-- @BeforeSuite startDriver -->
  <testcase classname="tests.TestBase2" name="@BeforeSuite startDriver" time="0.0">
    <ignored/>
  </testcase> <!-- @BeforeSuite startDriver -->
  <testcase classname="tests.TestBase2" name="@BeforeSuite startDriver" time="0.0">
    <ignored/>
  </testcase> <!-- @BeforeSuite startDriver -->
  <testcase classname="tests.TestBase2" name="@BeforeSuite startDriver" time="0.0">
    <ignored/>
  </testcase> <!-- @BeforeSuite startDriver -->
</testsuite> <!-- regression Test -->
