<?xml version="1.0" encoding="UTF-8"?>
<!-- Generated by org.testng.reporters.JUnitXMLReporter -->
<testsuite ignored="4" hostname="QCENTRIS189" failures="0" tests="13" name="regression Test" time="56.952" errors="0" timestamp="2022-02-21T19:50:33 EET">
  <testcase classname="tests.HomePageTest" name="scrollDown" time="0.016"/>
  <testcase classname="tests.ContacUsTest2withCSV" name="fillContactUsForm" time="7.919"/>
  <testcase classname="tests.CompanyTest" name="verifyCompanyUrl" time="2.814"/>
  <testcase classname="tests.CompanyTest" name="verifyLeadershipDisplayed" time="0.09"/>
  <testcase classname="tests.CompanyTest" name="verifyFacebookPage" time="4.733"/>
  <testcase classname="tests.CreersTest" name="naviagteToCareer" time="15.164"/>
  <testcase classname="tests.CreersTest" name="naviagteToPosition" time="2.67"/>
  <testcase classname="tests.CreersTest" name="checkItemesDisplay" time="0.122"/>
  <testcase classname="tests.ApplyTest" name="OpenApplyPopup" time="0.169"/>
  <testcase classname="tests.ApplyTest" name="fillApplyForm" time="5.904"/>
  <testcase classname="tests.ApplyTest" name="openCareerTab" time="6.193"/>
  <testcase classname="tests.ApplyTest" name="filterOpenPositionsBySofia" time="4.028"/>
  <testcase classname="tests.ApplyTest" name="filterOpenPositionsBySkopje" time="7.075"/>
  <testcase classname="tests.TestBase2" name="@BeforeSuite startDriver" time="0.0">
    <ignored/>
  </testcase> <!-- @BeforeSuite startDriver -->
  <testcase classname="tests.TestBase2" name="@BeforeSuite startDriver" time="0.0">
    <ignored/>
  </testcase> <!-- @BeforeSuite startDriver -->
  <testcase classname="tests.TestBase2" name="@BeforeSuite startDriver" time="0.0">
    <ignored/>
  </testcase> <!-- @BeforeSuite startDriver -->
  <testcase classname="tests.TestBase2" name="@BeforeSuite startDriver" time="0.0">
    <ignored/>
  </testcase> <!-- @BeforeSuite startDriver -->
</testsuite> <!-- regression Test -->
