<?xml version="1.0" encoding="UTF-8"?>
<testng-results ignored="4" total="17" passed="13" failed="0" skipped="0">
  <reporter-output>
  </reporter-output>
  <suite started-at="2022-02-21T19:49:36 EET" name="musalaSoft Suite" finished-at="2022-02-21T19:50:33 EET" duration-ms="56952">
    <groups>
    </groups>
    <test started-at="2022-02-21T19:49:36 EET" name="regression Test" finished-at="2022-02-21T19:50:33 EET" duration-ms="56952">
      <class name="tests.ApplyTest">
        <test-method signature="OpenApplyPopup()[pri:1, instance:tests.ApplyTest@3943a2be]" started-at="2022-02-21T19:50:10 EET" name="OpenApplyPopup" finished-at="2022-02-21T19:50:10 EET" duration-ms="169" status="PASS">
          <reporter-output>
          </reporter-output>
        </test-method> <!-- OpenApplyPopup -->
        <test-method is-config="true" signature="ScreenshotOnfailure(org.testng.ITestResult)[pri:0, instance:tests.ApplyTest@3943a2be]" started-at="2022-02-21T19:50:10 EET" name="ScreenshotOnfailure" finished-at="2022-02-21T19:50:10 EET" duration-ms="0" status="PASS">
          <params>
            <param index="0">
              <value>
                <![CDATA[[TestResult name=OpenApplyPopup status=SUCCESS method=ApplyTest.OpenApplyPopup()[pri:1, instance:tests.ApplyTest@3943a2be] output={null}]]]>
              </value>
            </param>
          </params>
          <reporter-output>
          </reporter-output>
        </test-method> <!-- ScreenshotOnfailure -->
        <test-method signature="fillApplyForm()[pri:2, instance:tests.ApplyTest@3943a2be]" started-at="2022-02-21T19:50:10 EET" name="fillApplyForm" finished-at="2022-02-21T19:50:16 EET" duration-ms="5904" status="PASS">
          <reporter-output>
          </reporter-output>
        </test-method> <!-- fillApplyForm -->
        <test-method is-config="true" signature="ScreenshotOnfailure(org.testng.ITestResult)[pri:0, instance:tests.ApplyTest@3943a2be]" started-at="2022-02-21T19:50:16 EET" name="ScreenshotOnfailure" finished-at="2022-02-21T19:50:16 EET" duration-ms="0" status="PASS">
          <params>
            <param index="0">
              <value>
                <![CDATA[[TestResult name=fillApplyForm status=SUCCESS method=ApplyTest.fillApplyForm()[pri:2, instance:tests.ApplyTest@3943a2be] output={null}]]]>
              </value>
            </param>
          </params>
          <reporter-output>
          </reporter-output>
        </test-method> <!-- ScreenshotOnfailure -->
        <test-method signature="openCareerTab()[pri:3, instance:tests.ApplyTest@3943a2be]" started-at="2022-02-21T19:50:16 EET" name="openCareerTab" finished-at="2022-02-21T19:50:22 EET" duration-ms="6193" status="PASS">
          <reporter-output>
          </reporter-output>
        </test-method> <!-- openCareerTab -->
        <test-method is-config="true" signature="ScreenshotOnfailure(org.testng.ITestResult)[pri:0, instance:tests.ApplyTest@3943a2be]" started-at="2022-02-21T19:50:22 EET" name="ScreenshotOnfailure" finished-at="2022-02-21T19:50:22 EET" duration-ms="0" status="PASS">
          <params>
            <param index="0">
              <value>
                <![CDATA[[TestResult name=openCareerTab status=SUCCESS method=ApplyTest.openCareerTab()[pri:3, instance:tests.ApplyTest@3943a2be] output={null}]]]>
              </value>
            </param>
          </params>
          <reporter-output>
          </reporter-output>
        </test-method> <!-- ScreenshotOnfailure -->
        <test-method signature="filterOpenPositionsBySofia()[pri:4, instance:tests.ApplyTest@3943a2be]" started-at="2022-02-21T19:50:22 EET" name="filterOpenPositionsBySofia" finished-at="2022-02-21T19:50:26 EET" duration-ms="4028" status="PASS">
          <reporter-output>
          </reporter-output>
        </test-method> <!-- filterOpenPositionsBySofia -->
        <test-method is-config="true" signature="ScreenshotOnfailure(org.testng.ITestResult)[pri:0, instance:tests.ApplyTest@3943a2be]" started-at="2022-02-21T19:50:26 EET" name="ScreenshotOnfailure" finished-at="2022-02-21T19:50:26 EET" duration-ms="1" status="PASS">
          <params>
            <param index="0">
              <value>
                <![CDATA[[TestResult name=filterOpenPositionsBySofia status=SUCCESS method=ApplyTest.filterOpenPositionsBySofia()[pri:4, instance:tests.ApplyTest@3943a2be] output={null}]]]>
              </value>
            </param>
          </params>
          <reporter-output>
          </reporter-output>
        </test-method> <!-- ScreenshotOnfailure -->
        <test-method signature="filterOpenPositionsBySkopje()[pri:5, instance:tests.ApplyTest@3943a2be]" started-at="2022-02-21T19:50:26 EET" name="filterOpenPositionsBySkopje" finished-at="2022-02-21T19:50:33 EET" duration-ms="7075" status="PASS">
          <reporter-output>
          </reporter-output>
        </test-method> <!-- filterOpenPositionsBySkopje -->
        <test-method is-config="true" signature="ScreenshotOnfailure(org.testng.ITestResult)[pri:0, instance:tests.ApplyTest@3943a2be]" started-at="2022-02-21T19:50:33 EET" name="ScreenshotOnfailure" finished-at="2022-02-21T19:50:33 EET" duration-ms="0" status="PASS">
          <params>
            <param index="0">
              <value>
                <![CDATA[[TestResult name=filterOpenPositionsBySkopje status=SUCCESS method=ApplyTest.filterOpenPositionsBySkopje()[pri:5, instance:tests.ApplyTest@3943a2be] output={null}]]]>
              </value>
            </param>
          </params>
          <reporter-output>
          </reporter-output>
        </test-method> <!-- ScreenshotOnfailure -->
      </class> <!-- tests.ApplyTest -->
      <class name="tests.ContacUsTest2withCSV">
        <test-method signature="fillContactUsForm()[pri:1, instance:tests.ContacUsTest2withCSV@574b560f]" started-at="2022-02-21T19:49:36 EET" name="fillContactUsForm" finished-at="2022-02-21T19:49:44 EET" duration-ms="7919" status="PASS">
          <reporter-output>
          </reporter-output>
        </test-method> <!-- fillContactUsForm -->
        <test-method is-config="true" signature="ScreenshotOnfailure(org.testng.ITestResult)[pri:0, instance:tests.ContacUsTest2withCSV@574b560f]" started-at="2022-02-21T19:49:44 EET" name="ScreenshotOnfailure" finished-at="2022-02-21T19:49:44 EET" duration-ms="1" status="PASS">
          <params>
            <param index="0">
              <value>
                <![CDATA[[TestResult name=fillContactUsForm status=SUCCESS method=ContacUsTest2withCSV.fillContactUsForm()[pri:1, instance:tests.ContacUsTest2withCSV@574b560f] output={null}]]]>
              </value>
            </param>
          </params>
          <reporter-output>
          </reporter-output>
        </test-method> <!-- ScreenshotOnfailure -->
      </class> <!-- tests.ContacUsTest2withCSV -->
      <class name="tests.HomePageTest">
        <test-method is-config="true" signature="startDriver(java.lang.String)[pri:0, instance:tests.HomePageTest@36b4fe2a]" started-at="2022-02-21T19:49:28 EET" name="startDriver" finished-at="2022-02-21T19:49:36 EET" duration-ms="8150" status="PASS">
          <params>
            <param index="0">
              <value>
                <![CDATA[chrome]]>
              </value>
            </param>
          </params>
          <reporter-output>
          </reporter-output>
        </test-method> <!-- startDriver -->
        <test-method signature="scrollDown()[pri:0, instance:tests.HomePageTest@36b4fe2a]" started-at="2022-02-21T19:49:36 EET" name="scrollDown" finished-at="2022-02-21T19:49:36 EET" duration-ms="16" status="PASS">
          <reporter-output>
          </reporter-output>
        </test-method> <!-- scrollDown -->
        <test-method is-config="true" signature="ScreenshotOnfailure(org.testng.ITestResult)[pri:0, instance:tests.HomePageTest@36b4fe2a]" started-at="2022-02-21T19:49:36 EET" name="ScreenshotOnfailure" finished-at="2022-02-21T19:49:36 EET" duration-ms="1" status="PASS">
          <params>
            <param index="0">
              <value>
                <![CDATA[[TestResult name=scrollDown status=SUCCESS method=HomePageTest.scrollDown()[pri:0, instance:tests.HomePageTest@36b4fe2a] output={null}]]]>
              </value>
            </param>
          </params>
          <reporter-output>
          </reporter-output>
        </test-method> <!-- ScreenshotOnfailure -->
      </class> <!-- tests.HomePageTest -->
      <class name="tests.CompanyTest">
        <test-method signature="verifyCompanyUrl()[pri:1, instance:tests.CompanyTest@ba54932]" started-at="2022-02-21T19:49:44 EET" name="verifyCompanyUrl" finished-at="2022-02-21T19:49:47 EET" duration-ms="2814" status="PASS">
          <reporter-output>
          </reporter-output>
        </test-method> <!-- verifyCompanyUrl -->
        <test-method is-config="true" signature="ScreenshotOnfailure(org.testng.ITestResult)[pri:0, instance:tests.CompanyTest@ba54932]" started-at="2022-02-21T19:49:47 EET" name="ScreenshotOnfailure" finished-at="2022-02-21T19:49:47 EET" duration-ms="1" status="PASS">
          <params>
            <param index="0">
              <value>
                <![CDATA[[TestResult name=verifyCompanyUrl status=SUCCESS method=CompanyTest.verifyCompanyUrl()[pri:1, instance:tests.CompanyTest@ba54932] output={null}]]]>
              </value>
            </param>
          </params>
          <reporter-output>
          </reporter-output>
        </test-method> <!-- ScreenshotOnfailure -->
        <test-method signature="verifyLeadershipDisplayed()[pri:2, instance:tests.CompanyTest@ba54932]" started-at="2022-02-21T19:49:47 EET" name="verifyLeadershipDisplayed" finished-at="2022-02-21T19:49:47 EET" duration-ms="90" status="PASS">
          <reporter-output>
          </reporter-output>
        </test-method> <!-- verifyLeadershipDisplayed -->
        <test-method is-config="true" signature="ScreenshotOnfailure(org.testng.ITestResult)[pri:0, instance:tests.CompanyTest@ba54932]" started-at="2022-02-21T19:49:47 EET" name="ScreenshotOnfailure" finished-at="2022-02-21T19:49:47 EET" duration-ms="0" status="PASS">
          <params>
            <param index="0">
              <value>
                <![CDATA[[TestResult name=verifyLeadershipDisplayed status=SUCCESS method=CompanyTest.verifyLeadershipDisplayed()[pri:2, instance:tests.CompanyTest@ba54932] output={null}]]]>
              </value>
            </param>
          </params>
          <reporter-output>
          </reporter-output>
        </test-method> <!-- ScreenshotOnfailure -->
        <test-method signature="verifyFacebookPage()[pri:3, instance:tests.CompanyTest@ba54932]" started-at="2022-02-21T19:49:47 EET" name="verifyFacebookPage" finished-at="2022-02-21T19:49:52 EET" duration-ms="4733" status="PASS">
          <reporter-output>
          </reporter-output>
        </test-method> <!-- verifyFacebookPage -->
        <test-method is-config="true" signature="ScreenshotOnfailure(org.testng.ITestResult)[pri:0, instance:tests.CompanyTest@ba54932]" started-at="2022-02-21T19:49:52 EET" name="ScreenshotOnfailure" finished-at="2022-02-21T19:49:52 EET" duration-ms="0" status="PASS">
          <params>
            <param index="0">
              <value>
                <![CDATA[[TestResult name=verifyFacebookPage status=SUCCESS method=CompanyTest.verifyFacebookPage()[pri:3, instance:tests.CompanyTest@ba54932] output={null}]]]>
              </value>
            </param>
          </params>
          <reporter-output>
          </reporter-output>
        </test-method> <!-- ScreenshotOnfailure -->
      </class> <!-- tests.CompanyTest -->
      <class name="tests.CreersTest">
        <test-method signature="naviagteToCareer()[pri:1, instance:tests.CreersTest@28975c28]" started-at="2022-02-21T19:49:52 EET" name="naviagteToCareer" finished-at="2022-02-21T19:50:07 EET" duration-ms="15164" status="PASS">
          <reporter-output>
          </reporter-output>
        </test-method> <!-- naviagteToCareer -->
        <test-method is-config="true" signature="ScreenshotOnfailure(org.testng.ITestResult)[pri:0, instance:tests.CreersTest@28975c28]" started-at="2022-02-21T19:50:07 EET" name="ScreenshotOnfailure" finished-at="2022-02-21T19:50:07 EET" duration-ms="1" status="PASS">
          <params>
            <param index="0">
              <value>
                <![CDATA[[TestResult name=naviagteToCareer status=SUCCESS method=CreersTest.naviagteToCareer()[pri:1, instance:tests.CreersTest@28975c28] output={null}]]]>
              </value>
            </param>
          </params>
          <reporter-output>
          </reporter-output>
        </test-method> <!-- ScreenshotOnfailure -->
        <test-method signature="naviagteToPosition()[pri:2, instance:tests.CreersTest@28975c28]" started-at="2022-02-21T19:50:07 EET" name="naviagteToPosition" finished-at="2022-02-21T19:50:10 EET" duration-ms="2670" status="PASS">
          <reporter-output>
          </reporter-output>
        </test-method> <!-- naviagteToPosition -->
        <test-method is-config="true" signature="ScreenshotOnfailure(org.testng.ITestResult)[pri:0, instance:tests.CreersTest@28975c28]" started-at="2022-02-21T19:50:10 EET" name="ScreenshotOnfailure" finished-at="2022-02-21T19:50:10 EET" duration-ms="1" status="PASS">
          <params>
            <param index="0">
              <value>
                <![CDATA[[TestResult name=naviagteToPosition status=SUCCESS method=CreersTest.naviagteToPosition()[pri:2, instance:tests.CreersTest@28975c28] output={null}]]]>
              </value>
            </param>
          </params>
          <reporter-output>
          </reporter-output>
        </test-method> <!-- ScreenshotOnfailure -->
        <test-method signature="checkItemesDisplay()[pri:3, instance:tests.CreersTest@28975c28]" started-at="2022-02-21T19:50:10 EET" name="checkItemesDisplay" finished-at="2022-02-21T19:50:10 EET" duration-ms="122" status="PASS">
          <reporter-output>
          </reporter-output>
        </test-method> <!-- checkItemesDisplay -->
        <test-method is-config="true" signature="ScreenshotOnfailure(org.testng.ITestResult)[pri:0, instance:tests.CreersTest@28975c28]" started-at="2022-02-21T19:50:10 EET" name="ScreenshotOnfailure" finished-at="2022-02-21T19:50:10 EET" duration-ms="0" status="PASS">
          <params>
            <param index="0">
              <value>
                <![CDATA[[TestResult name=checkItemesDisplay status=SUCCESS method=CreersTest.checkItemesDisplay()[pri:3, instance:tests.CreersTest@28975c28] output={null}]]]>
              </value>
            </param>
          </params>
          <reporter-output>
          </reporter-output>
        </test-method> <!-- ScreenshotOnfailure -->
      </class> <!-- tests.CreersTest -->
    </test> <!-- regression Test -->
  </suite> <!-- musalaSoft Suite -->
</testng-results>
